<?xml version="1.0" encoding="UTF-8"?>
<testng-results total="6" passed="5" failed="1" skipped="0">
  <reporter-output>
  </reporter-output>
  <suite started-at="2022-04-20T23:07:36Z" name="Default suite" finished-at="2022-04-20T23:07:59Z" duration-ms="23375">
    <groups>
    </groups>
    <test started-at="2022-04-20T23:07:36Z" name="Default test" finished-at="2022-04-20T23:07:59Z" duration-ms="23375">
      <class name="Test.TC2">
        <test-method is-config="true" signature="BeforeTest()[pri:0, instance:Test.TC2@48bb62]" started-at="2022-04-21T06:07:36Z" name="BeforeTest" finished-at="2022-04-21T06:07:49Z" duration-ms="12545" status="PASS">
          <reporter-output>
          </reporter-output>
        </test-method> <!-- BeforeTest -->
        <test-method signature="f(java.lang.String, java.lang.String)[pri:0, instance:Test.TC2@48bb62]" started-at="2022-04-21T06:07:49Z" name="f" data-provider="name" finished-at="2022-04-21T06:07:50Z" duration-ms="1912" status="PASS">
          <params>
            <param index="0">
              <value>
                <![CDATA[sy1@gmail.com]]>
              </value>
            </param>
            <param index="1">
              <value>
                <![CDATA[1]]>
              </value>
            </param>
          </params>
          <reporter-output>
          </reporter-output>
        </test-method> <!-- f -->
        <test-method signature="f(java.lang.String, java.lang.String)[pri:0, instance:Test.TC2@48bb62]" started-at="2022-04-21T06:07:50Z" name="f" data-provider="name" finished-at="2022-04-21T06:07:52Z" duration-ms="1985" status="PASS">
          <params>
            <param index="0">
              <value>
                <![CDATA[sy2@gmail.com]]>
              </value>
            </param>
            <param index="1">
              <value>
                <![CDATA[2]]>
              </value>
            </param>
          </params>
          <reporter-output>
          </reporter-output>
        </test-method> <!-- f -->
        <test-method signature="f(java.lang.String, java.lang.String)[pri:0, instance:Test.TC2@48bb62]" started-at="2022-04-21T06:07:52Z" name="f" data-provider="name" finished-at="2022-04-21T06:07:54Z" duration-ms="1915" status="PASS">
          <params>
            <param index="0">
              <value>
                <![CDATA[sy3@gmail.com]]>
              </value>
            </param>
            <param index="1">
              <value>
                <![CDATA[3]]>
              </value>
            </param>
          </params>
          <reporter-output>
          </reporter-output>
        </test-method> <!-- f -->
        <test-method signature="f(java.lang.String, java.lang.String)[pri:0, instance:Test.TC2@48bb62]" started-at="2022-04-21T06:07:54Z" name="f" data-provider="name" finished-at="2022-04-21T06:07:56Z" duration-ms="2083" status="PASS">
          <params>
            <param index="0">
              <value>
                <![CDATA[sy4@gmail.com]]>
              </value>
            </param>
            <param index="1">
              <value>
                <![CDATA[4]]>
              </value>
            </param>
          </params>
          <reporter-output>
          </reporter-output>
        </test-method> <!-- f -->
        <test-method signature="f(java.lang.String, java.lang.String)[pri:0, instance:Test.TC2@48bb62]" started-at="2022-04-21T06:07:56Z" name="f" data-provider="name" finished-at="2022-04-21T06:07:58Z" duration-ms="1738" status="PASS">
          <params>
            <param index="0">
              <value>
                <![CDATA[sy5@gmail.com]]>
              </value>
            </param>
            <param index="1">
              <value>
                <![CDATA[5]]>
              </value>
            </param>
          </params>
          <reporter-output>
          </reporter-output>
        </test-method> <!-- f -->
        <test-method signature="ngoaiLe()[pri:0, instance:Test.TC2@48bb62]" started-at="2022-04-21T06:07:58Z" name="ngoaiLe" finished-at="2022-04-21T06:07:59Z" duration-ms="1083" status="FAIL">
          <exception class="java.lang.AssertionError">
            <message>
              <![CDATA[expected [Your Wishlist has been shared.NgoaiLe] but found [Your Wishlist has been shared.]]]>
            </message>
            <full-stacktrace>
              <![CDATA[java.lang.AssertionError: expected [Your Wishlist has been shared.NgoaiLe] but found [Your Wishlist has been shared.]
	at org.testng.Assert.fail(Assert.java:94)
	at org.testng.Assert.failNotEquals(Assert.java:494)
	at org.testng.Assert.assertEquals(Assert.java:123)
	at org.testng.Assert.assertEquals(Assert.java:176)
	at org.testng.Assert.assertEquals(Assert.java:186)
	at Test.TC2.ngoaiLe(TC2.java:66)
	at java.base/jdk.internal.reflect.NativeMethodAccessorImpl.invoke0(Native Method)
	at java.base/jdk.internal.reflect.NativeMethodAccessorImpl.invoke(NativeMethodAccessorImpl.java:78)
	at java.base/jdk.internal.reflect.DelegatingMethodAccessorImpl.invoke(DelegatingMethodAccessorImpl.java:43)
	at java.base/java.lang.reflect.Method.invoke(Method.java:567)
	at org.testng.internal.MethodInvocationHelper.invokeMethod(MethodInvocationHelper.java:80)
	at org.testng.internal.Invoker.invokeMethod(Invoker.java:714)
	at org.testng.internal.Invoker.invokeTestMethod(Invoker.java:901)
	at org.testng.internal.Invoker.invokeTestMethods(Invoker.java:1231)
	at org.testng.internal.TestMethodWorker.invokeTestMethods(TestMethodWorker.java:127)
	at org.testng.internal.TestMethodWorker.run(TestMethodWorker.java:111)
	at org.testng.TestRunner.privateRun(TestRunner.java:767)
	at org.testng.TestRunner.run(TestRunner.java:617)
	at org.testng.SuiteRunner.runTest(SuiteRunner.java:334)
	at org.testng.SuiteRunner.runSequentially(SuiteRunner.java:329)
	at org.testng.SuiteRunner.privateRun(SuiteRunner.java:291)
	at org.testng.SuiteRunner.run(SuiteRunner.java:240)
	at org.testng.SuiteRunnerWorker.runSuite(SuiteRunnerWorker.java:52)
	at org.testng.SuiteRunnerWorker.run(SuiteRunnerWorker.java:86)
	at org.testng.TestNG.runSuitesSequentially(TestNG.java:1198)
	at org.testng.TestNG.runSuitesLocally(TestNG.java:1123)
	at org.testng.TestNG.run(TestNG.java:1031)
	at org.testng.remote.AbstractRemoteTestNG.run(AbstractRemoteTestNG.java:115)
	at org.testng.remote.RemoteTestNG.initAndRun(RemoteTestNG.java:251)
	at org.testng.remote.RemoteTestNG.main(RemoteTestNG.java:77)
]]>
            </full-stacktrace>
          </exception> <!-- java.lang.AssertionError -->
          <reporter-output>
          </reporter-output>
        </test-method> <!-- ngoaiLe -->
        <test-method is-config="true" signature="AfterTest()[pri:0, instance:Test.TC2@48bb62]" started-at="2022-04-21T06:07:59Z" name="AfterTest" finished-at="2022-04-21T06:07:59Z" duration-ms="96" status="PASS">
          <reporter-output>
          </reporter-output>
        </test-method> <!-- AfterTest -->
      </class> <!-- Test.TC2 -->
    </test> <!-- Default test -->
  </suite> <!-- Default suite -->
</testng-results>
